<?xml version="1.0" encoding="UTF-8"?>
<testsuite xmlns:xsi="http://www.w3.org/2001/XMLSchema-instance" xsi:noNamespaceSchemaLocation="https://maven.apache.org/surefire/maven-surefire-plugin/xsd/surefire-test-report.xsd" name="edu.csus.csc131.euc.mainWindow.MainWindowTest" time="21.723" tests="28" errors="0" skipped="0" failures="0">
  <properties>
    <property name="sun.desktop" value="windows"/>
    <property name="awt.toolkit" value="sun.awt.windows.WToolkit"/>
    <property name="java.specification.version" value="11"/>
    <property name="sun.cpu.isalist" value="amd64"/>
    <property name="sun.jnu.encoding" value="Cp1252"/>
    <property name="java.class.path" value="C:\Users\moren\Documents\Courses\CSC131\Homework\teamProj\euc\target\test-classes;C:\Users\moren\Documents\Courses\CSC131\Homework\teamProj\euc\target\classes;C:\Users\moren\.m2\repository\com\fasterxml\jackson\core\jackson-databind\2.9.10\jackson-databind-2.9.10.jar;C:\Users\moren\.m2\repository\com\fasterxml\jackson\core\jackson-annotations\2.9.10\jackson-annotations-2.9.10.jar;C:\Users\moren\.m2\repository\com\fasterxml\jackson\core\jackson-core\2.9.10\jackson-core-2.9.10.jar;C:\Users\moren\.m2\repository\org\junit\jupiter\junit-jupiter-engine\5.5.0\junit-jupiter-engine-5.5.0.jar;C:\Users\moren\.m2\repository\org\apiguardian\apiguardian-api\1.1.0\apiguardian-api-1.1.0.jar;C:\Users\moren\.m2\repository\org\junit\platform\junit-platform-engine\1.5.0\junit-platform-engine-1.5.0.jar;C:\Users\moren\.m2\repository\org\opentest4j\opentest4j\1.2.0\opentest4j-1.2.0.jar;C:\Users\moren\.m2\repository\org\junit\platform\junit-platform-commons\1.5.0\junit-platform-commons-1.5.0.jar;C:\Users\moren\.m2\repository\org\junit\jupiter\junit-jupiter-api\5.5.0\junit-jupiter-api-5.5.0.jar;C:\Users\moren\.m2\repository\net\sourceforge\jdatepicker\jdatepicker\1.3.2\jdatepicker-1.3.2.jar;"/>
    <property name="java.vm.vendor" value="Oracle Corporation"/>
    <property name="sun.arch.data.model" value="64"/>
    <property name="user.variant" value=""/>
    <property name="java.vendor.url" value="http://java.oracle.com/"/>
    <property name="user.timezone" value="America/Los_Angeles"/>
    <property name="java.vm.specification.version" value="11"/>
    <property name="os.name" value="Windows 10"/>
    <property name="sun.java.launcher" value="SUN_STANDARD"/>
    <property name="user.country" value="US"/>
    <property name="sun.boot.library.path" value="C:\Program Files\Java\jdk-11.0.6\bin"/>
    <property name="sun.java.command" value="C:\Users\moren\AppData\Local\Temp\surefire1496066767762578401\surefirebooter10105357366983941175.jar C:\Users\moren\AppData\Local\Temp\surefire1496066767762578401 2020-04-30T17-15-50_505-jvmRun1 surefire12256881380928121782tmp surefire_012413444577956993232tmp"/>
    <property name="jdk.debug" value="release"/>
    <property name="surefire.test.class.path" value="C:\Users\moren\Documents\Courses\CSC131\Homework\teamProj\euc\target\test-classes;C:\Users\moren\Documents\Courses\CSC131\Homework\teamProj\euc\target\classes;C:\Users\moren\.m2\repository\com\fasterxml\jackson\core\jackson-databind\2.9.10\jackson-databind-2.9.10.jar;C:\Users\moren\.m2\repository\com\fasterxml\jackson\core\jackson-annotations\2.9.10\jackson-annotations-2.9.10.jar;C:\Users\moren\.m2\repository\com\fasterxml\jackson\core\jackson-core\2.9.10\jackson-core-2.9.10.jar;C:\Users\moren\.m2\repository\org\junit\jupiter\junit-jupiter-engine\5.5.0\junit-jupiter-engine-5.5.0.jar;C:\Users\moren\.m2\repository\org\apiguardian\apiguardian-api\1.1.0\apiguardian-api-1.1.0.jar;C:\Users\moren\.m2\repository\org\junit\platform\junit-platform-engine\1.5.0\junit-platform-engine-1.5.0.jar;C:\Users\moren\.m2\repository\org\opentest4j\opentest4j\1.2.0\opentest4j-1.2.0.jar;C:\Users\moren\.m2\repository\org\junit\platform\junit-platform-commons\1.5.0\junit-platform-commons-1.5.0.jar;C:\Users\moren\.m2\repository\org\junit\jupiter\junit-jupiter-api\5.5.0\junit-jupiter-api-5.5.0.jar;C:\Users\moren\.m2\repository\net\sourceforge\jdatepicker\jdatepicker\1.3.2\jdatepicker-1.3.2.jar;"/>
    <property name="sun.cpu.endian" value="little"/>
    <property name="user.home" value="C:\Users\moren"/>
    <property name="user.language" value="en"/>
    <property name="java.specification.vendor" value="Oracle Corporation"/>
    <property name="java.version.date" value="2020-01-14"/>
    <property name="java.home" value="C:\Program Files\Java\jdk-11.0.6"/>
    <property name="file.separator" value="\"/>
    <property name="basedir" value="C:\Users\moren\Documents\Courses\CSC131\Homework\teamProj\euc"/>
    <property name="java.vm.compressedOopsMode" value="32-bit"/>
    <property name="line.separator" value="&#10;"/>
    <property name="java.specification.name" value="Java Platform API Specification"/>
    <property name="java.vm.specification.vendor" value="Oracle Corporation"/>
    <property name="java.awt.graphicsenv" value="sun.awt.Win32GraphicsEnvironment"/>
    <property name="surefire.real.class.path" value="C:\Users\moren\AppData\Local\Temp\surefire1496066767762578401\surefirebooter10105357366983941175.jar"/>
    <property name="user.script" value=""/>
    <property name="sun.management.compiler" value="HotSpot 64-Bit Tiered Compilers"/>
    <property name="java.runtime.version" value="11.0.6+8-LTS"/>
    <property name="user.name" value="moren"/>
    <property name="path.separator" value=";"/>
    <property name="os.version" value="10.0"/>
    <property name="java.runtime.name" value="Java(TM) SE Runtime Environment"/>
    <property name="file.encoding" value="Cp1252"/>
    <property name="java.vm.name" value="Java HotSpot(TM) 64-Bit Server VM"/>
    <property name="java.vendor.version" value="18.9"/>
    <property name="localRepository" value="C:\Users\moren\.m2\repository"/>
    <property name="java.vendor.url.bug" value="http://bugreport.java.com/bugreport/"/>
    <property name="java.io.tmpdir" value="C:\Users\moren\AppData\Local\Temp\"/>
    <property name="java.version" value="11.0.6"/>
    <property name="user.dir" value="C:\Users\moren\Documents\Courses\CSC131\Homework\teamProj\euc"/>
    <property name="os.arch" value="amd64"/>
    <property name="java.vm.specification.name" value="Java Virtual Machine Specification"/>
    <property name="java.awt.printerjob" value="sun.awt.windows.WPrinterJob"/>
    <property name="sun.os.patch.level" value=""/>
    <property name="java.library.path" value="C:\Program Files\Java\jdk-11.0.6\bin;C:\WINDOWS\Sun\Java\bin;C:\WINDOWS\system32;C:\WINDOWS;C:\Users\moren\bin;C:\Program Files\Git\mingw64\bin;C:\Program Files\Git\usr\local\bin;C:\Program Files\Git\usr\bin;C:\Program Files\Git\usr\bin;C:\Program Files\Git\mingw64\bin;C:\Program Files\Git\usr\bin;C:\Users\moren\bin;C:\Program Files (x86)\Intel\iCLS Client;C:\Program Files\Intel\iCLS Client;C:\WINDOWS\system32;C:\WINDOWS;C:\WINDOWS\System32\Wbem;C:\WINDOWS\System32\WindowsPowerShell\v1.0;C:\Program Files (x86)\Intel\Intel(R) Management Engine Components\DAL;C:\Program Files\Intel\Intel(R) Management Engine Components\DAL;C:\Program Files (x86)\Intel\Intel(R) Management Engine Components\IPT;C:\Program Files\Intel\Intel(R) Management Engine Components\IPT;C:\WINDOWS\System32\OpenSSH;C:\Program Files\Git\cmd;C:\Program Files\Java\jdk-11.0.6\bin;C:\Applications\apache-maven-3.6.3-bin\apache-maven-3.6.3\bin;C:\Users\moren\AppData\Local\Microsoft\WindowsApps;C:\Program Files\Java\jdk-11.0.6\bin;C:\Applications\apache-maven-3.6.3-bin\apache-maven-3.6.3\bin;C:\Users\moren\AppData\Local\Programs\Microsoft VS Code\bin;C:\Program Files\Git\usr\bin\vendor_perl;C:\Program Files\Git\usr\bin\core_perl;."/>
    <property name="java.vendor" value="Oracle Corporation"/>
    <property name="java.vm.info" value="mixed mode"/>
    <property name="java.vm.version" value="11.0.6+8-LTS"/>
    <property name="sun.io.unicode.encoding" value="UnicodeLittle"/>
    <property name="java.class.version" value="55.0"/>
  </properties>
  <testcase name="testActionPerformed_browseButton_1" classname="edu.csus.csc131.euc.mainWindow.MainWindowTest" time="9.799"/>
  <testcase name="testActionPerformed_browseButton_2" classname="edu.csus.csc131.euc.mainWindow.MainWindowTest" time="0.737"/>
  <testcase name="testValueChanged_1" classname="edu.csus.csc131.euc.mainWindow.MainWindowTest" time="0.072"/>
  <testcase name="testValueChanged_2" classname="edu.csus.csc131.euc.mainWindow.MainWindowTest" time="0.071"/>
  <testcase name="testValueChanged_3" classname="edu.csus.csc131.euc.mainWindow.MainWindowTest" time="0.069"/>
  <testcase name="testValueChanged_4" classname="edu.csus.csc131.euc.mainWindow.MainWindowTest" time="0.071"/>
  <testcase name="testValueChanged_5" classname="edu.csus.csc131.euc.mainWindow.MainWindowTest" time="0.069"/>
  <testcase name="testValueChanged_6" classname="edu.csus.csc131.euc.mainWindow.MainWindowTest" time="0.071"/>
  <testcase name="testActionPerformed_manualImportButton_1" classname="edu.csus.csc131.euc.mainWindow.MainWindowTest" time="0.194"/>
  <testcase name="testhelpIcon" classname="edu.csus.csc131.euc.mainWindow.MainWindowTest" time="0.046"/>
  <testcase name="testActionPerformed_importButton_1" classname="edu.csus.csc131.euc.mainWindow.MainWindowTest" time="1.551"/>
  <testcase name="testActionPerformed_setButton_1" classname="edu.csus.csc131.euc.mainWindow.MainWindowTest" time="0.144"/>
  <testcase name="testActionPerformed_setButton_2" classname="edu.csus.csc131.euc.mainWindow.MainWindowTest" time="0.141"/>
  <testcase name="testActionPerformed_setButton_3" classname="edu.csus.csc131.euc.mainWindow.MainWindowTest" time="0.14"/>
  <testcase name="testActionPerformed_setButton_4" classname="edu.csus.csc131.euc.mainWindow.MainWindowTest" time="0.141"/>
  <testcase name="testActionPerformed_setButton_5" classname="edu.csus.csc131.euc.mainWindow.MainWindowTest" time="0.143"/>
  <testcase name="testActionPerformed_setButton_6" classname="edu.csus.csc131.euc.mainWindow.MainWindowTest" time="0.137"/>
  <testcase name="testActionPerformed_setButton_7" classname="edu.csus.csc131.euc.mainWindow.MainWindowTest" time="1.278"/>
  <testcase name="testActionPerformed_setButton_8" classname="edu.csus.csc131.euc.mainWindow.MainWindowTest" time="0.87"/>
  <testcase name="testActionPerformed_setButton_9" classname="edu.csus.csc131.euc.mainWindow.MainWindowTest" time="2.714"/>
  <testcase name="testActionPerformed_viewLogButton_1" classname="edu.csus.csc131.euc.mainWindow.MainWindowTest" time="0.815"/>
  <testcase name="testActionPerformed_setButton_10" classname="edu.csus.csc131.euc.mainWindow.MainWindowTest" time="0.808"/>
  <testcase name="testActionPerformed_showRate_1" classname="edu.csus.csc131.euc.mainWindow.MainWindowTest" time="0.072"/>
  <testcase name="testActionPerformed_showRate_2" classname="edu.csus.csc131.euc.mainWindow.MainWindowTest" time="0.072"/>
  <testcase name="testActionPerformed_showRate_3" classname="edu.csus.csc131.euc.mainWindow.MainWindowTest" time="0.071"/>
  <testcase name="testActionPerformed_showRate_4" classname="edu.csus.csc131.euc.mainWindow.MainWindowTest" time="0.072"/>
  <testcase name="testActionPerformed_showRate_5" classname="edu.csus.csc131.euc.mainWindow.MainWindowTest" time="0.071"/>
  <testcase name="testActionPerformed_showRate_6" classname="edu.csus.csc131.euc.mainWindow.MainWindowTest" time="0.072"/>
</testsuite>